<?xml version="1.0" encoding="UTF-8"?>
<testng-results ignored="0" total="1" passed="1" failed="0" skipped="0">
  <reporter-output>
  </reporter-output>
  <suite started-at="2022-08-01T13:17:09 IST" name="Default suite" finished-at="2022-08-01T13:17:11 IST" duration-ms="1904">
    <groups>
    </groups>
    <test started-at="2022-08-01T13:17:09 IST" name="Default test" finished-at="2022-08-01T13:17:11 IST" duration-ms="1904">
      <class name="com.schemavalidation.SchemaValidation">
        <test-method signature="test()[pri:0, instance:com.schemavalidation.SchemaValidation@e15b7e8]" started-at="2022-08-01T13:17:09 IST" name="test" finished-at="2022-08-01T13:17:11 IST" duration-ms="1877" status="PASS">
          <reporter-output>
          </reporter-output>
        </test-method> <!-- test -->
      </class> <!-- com.schemavalidation.SchemaValidation -->
    </test> <!-- Default test -->
  </suite> <!-- Default suite -->
</testng-results>
